<?xml version="1.0" encoding="UTF-8"?>
<testsuite xmlns:xsi="http://www.w3.org/2001/XMLSchema-instance" xsi:noNamespaceSchemaLocation="https://maven.apache.org/surefire/maven-surefire-plugin/xsd/surefire-test-report-3.0.xsd" version="3.0" name="com.senai.ThymeLeaf.ThymeLeafApplicationTests" time="3.878" tests="1" errors="0" skipped="0" failures="0">
  <properties>
    <property name="java.specification.version" value="20"/>
    <property name="sun.cpu.isalist" value="amd64"/>
    <property name="sun.jnu.encoding" value="Cp1252"/>
    <property name="java.class.path" value="C:\Users\leonardo_r_oliveira1\Downloads\Desenvolvimento-de-Sistemas-main\ThymeLeaf\target\test-classes;C:\Users\leonardo_r_oliveira1\Downloads\Desenvolvimento-de-Sistemas-main\ThymeLeaf\target\classes;C:\Users\leonardo_r_oliveira1\.m2\repository\org\springframework\boot\spring-boot-starter-data-jpa\3.1.10\spring-boot-starter-data-jpa-3.1.10.jar;C:\Users\leonardo_r_oliveira1\.m2\repository\org\springframework\boot\spring-boot-starter-aop\3.1.10\spring-boot-starter-aop-3.1.10.jar;C:\Users\leonardo_r_oliveira1\.m2\repository\org\springframework\spring-aop\6.0.18\spring-aop-6.0.18.jar;C:\Users\leonardo_r_oliveira1\.m2\repository\org\aspectj\aspectjweaver\1.9.21\aspectjweaver-1.9.21.jar;C:\Users\leonardo_r_oliveira1\.m2\repository\org\springframework\boot\spring-boot-starter-jdbc\3.1.10\spring-boot-starter-jdbc-3.1.10.jar;C:\Users\leonardo_r_oliveira1\.m2\repository\com\zaxxer\HikariCP\5.0.1\HikariCP-5.0.1.jar;C:\Users\leonardo_r_oliveira1\.m2\repository\org\springframework\spring-jdbc\6.0.18\spring-jdbc-6.0.18.jar;C:\Users\leonardo_r_oliveira1\.m2\repository\org\hibernate\orm\hibernate-core\6.2.22.Final\hibernate-core-6.2.22.Final.jar;C:\Users\leonardo_r_oliveira1\.m2\repository\jakarta\persistence\jakarta.persistence-api\3.1.0\jakarta.persistence-api-3.1.0.jar;C:\Users\leonardo_r_oliveira1\.m2\repository\jakarta\transaction\jakarta.transaction-api\2.0.1\jakarta.transaction-api-2.0.1.jar;C:\Users\leonardo_r_oliveira1\.m2\repository\org\jboss\logging\jboss-logging\3.5.3.Final\jboss-logging-3.5.3.Final.jar;C:\Users\leonardo_r_oliveira1\.m2\repository\org\hibernate\common\hibernate-commons-annotations\6.0.6.Final\hibernate-commons-annotations-6.0.6.Final.jar;C:\Users\leonardo_r_oliveira1\.m2\repository\io\smallrye\jandex\3.0.5\jandex-3.0.5.jar;C:\Users\leonardo_r_oliveira1\.m2\repository\com\fasterxml\classmate\1.5.1\classmate-1.5.1.jar;C:\Users\leonardo_r_oliveira1\.m2\repository\net\bytebuddy\byte-buddy\1.14.12\byte-buddy-1.14.12.jar;C:\Users\leonardo_r_oliveira1\.m2\repository\org\glassfish\jaxb\jaxb-runtime\4.0.5\jaxb-runtime-4.0.5.jar;C:\Users\leonardo_r_oliveira1\.m2\repository\org\glassfish\jaxb\jaxb-core\4.0.5\jaxb-core-4.0.5.jar;C:\Users\leonardo_r_oliveira1\.m2\repository\org\eclipse\angus\angus-activation\2.0.2\angus-activation-2.0.2.jar;C:\Users\leonardo_r_oliveira1\.m2\repository\org\glassfish\jaxb\txw2\4.0.5\txw2-4.0.5.jar;C:\Users\leonardo_r_oliveira1\.m2\repository\com\sun\istack\istack-commons-runtime\4.1.2\istack-commons-runtime-4.1.2.jar;C:\Users\leonardo_r_oliveira1\.m2\repository\jakarta\inject\jakarta.inject-api\2.0.1\jakarta.inject-api-2.0.1.jar;C:\Users\leonardo_r_oliveira1\.m2\repository\org\antlr\antlr4-runtime\4.10.1\antlr4-runtime-4.10.1.jar;C:\Users\leonardo_r_oliveira1\.m2\repository\org\springframework\data\spring-data-jpa\3.1.10\spring-data-jpa-3.1.10.jar;C:\Users\leonardo_r_oliveira1\.m2\repository\org\springframework\data\spring-data-commons\3.1.10\spring-data-commons-3.1.10.jar;C:\Users\leonardo_r_oliveira1\.m2\repository\org\springframework\spring-orm\6.0.18\spring-orm-6.0.18.jar;C:\Users\leonardo_r_oliveira1\.m2\repository\org\springframework\spring-context\6.0.18\spring-context-6.0.18.jar;C:\Users\leonardo_r_oliveira1\.m2\repository\org\springframework\spring-tx\6.0.18\spring-tx-6.0.18.jar;C:\Users\leonardo_r_oliveira1\.m2\repository\org\springframework\spring-beans\6.0.18\spring-beans-6.0.18.jar;C:\Users\leonardo_r_oliveira1\.m2\repository\jakarta\annotation\jakarta.annotation-api\2.1.1\jakarta.annotation-api-2.1.1.jar;C:\Users\leonardo_r_oliveira1\.m2\repository\org\slf4j\slf4j-api\2.0.12\slf4j-api-2.0.12.jar;C:\Users\leonardo_r_oliveira1\.m2\repository\org\springframework\spring-aspects\6.0.18\spring-aspects-6.0.18.jar;C:\Users\leonardo_r_oliveira1\.m2\repository\org\springframework\boot\spring-boot-starter-thymeleaf\3.1.10\spring-boot-starter-thymeleaf-3.1.10.jar;C:\Users\leonardo_r_oliveira1\.m2\repository\org\springframework\boot\spring-boot-starter\3.1.10\spring-boot-starter-3.1.10.jar;C:\Users\leonardo_r_oliveira1\.m2\repository\org\springframework\boot\spring-boot\3.1.10\spring-boot-3.1.10.jar;C:\Users\leonardo_r_oliveira1\.m2\repository\org\springframework\boot\spring-boot-autoconfigure\3.1.10\spring-boot-autoconfigure-3.1.10.jar;C:\Users\leonardo_r_oliveira1\.m2\repository\org\springframework\boot\spring-boot-starter-logging\3.1.10\spring-boot-starter-logging-3.1.10.jar;C:\Users\leonardo_r_oliveira1\.m2\repository\ch\qos\logback\logback-classic\1.4.14\logback-classic-1.4.14.jar;C:\Users\leonardo_r_oliveira1\.m2\repository\ch\qos\logback\logback-core\1.4.14\logback-core-1.4.14.jar;C:\Users\leonardo_r_oliveira1\.m2\repository\org\apache\logging\log4j\log4j-to-slf4j\2.20.0\log4j-to-slf4j-2.20.0.jar;C:\Users\leonardo_r_oliveira1\.m2\repository\org\apache\logging\log4j\log4j-api\2.20.0\log4j-api-2.20.0.jar;C:\Users\leonardo_r_oliveira1\.m2\repository\org\slf4j\jul-to-slf4j\2.0.12\jul-to-slf4j-2.0.12.jar;C:\Users\leonardo_r_oliveira1\.m2\repository\org\yaml\snakeyaml\1.33\snakeyaml-1.33.jar;C:\Users\leonardo_r_oliveira1\.m2\repository\org\thymeleaf\thymeleaf-spring6\3.1.2.RELEASE\thymeleaf-spring6-3.1.2.RELEASE.jar;C:\Users\leonardo_r_oliveira1\.m2\repository\org\thymeleaf\thymeleaf\3.1.2.RELEASE\thymeleaf-3.1.2.RELEASE.jar;C:\Users\leonardo_r_oliveira1\.m2\repository\org\attoparser\attoparser\2.0.7.RELEASE\attoparser-2.0.7.RELEASE.jar;C:\Users\leonardo_r_oliveira1\.m2\repository\org\unbescape\unbescape\1.1.6.RELEASE\unbescape-1.1.6.RELEASE.jar;C:\Users\leonardo_r_oliveira1\.m2\repository\org\springframework\boot\spring-boot-starter-validation\3.1.10\spring-boot-starter-validation-3.1.10.jar;C:\Users\leonardo_r_oliveira1\.m2\repository\org\apache\tomcat\embed\tomcat-embed-el\10.1.19\tomcat-embed-el-10.1.19.jar;C:\Users\leonardo_r_oliveira1\.m2\repository\org\hibernate\validator\hibernate-validator\8.0.1.Final\hibernate-validator-8.0.1.Final.jar;C:\Users\leonardo_r_oliveira1\.m2\repository\jakarta\validation\jakarta.validation-api\3.0.2\jakarta.validation-api-3.0.2.jar;C:\Users\leonardo_r_oliveira1\.m2\repository\org\springframework\boot\spring-boot-starter-web\3.1.10\spring-boot-starter-web-3.1.10.jar;C:\Users\leonardo_r_oliveira1\.m2\repository\org\springframework\boot\spring-boot-starter-json\3.1.10\spring-boot-starter-json-3.1.10.jar;C:\Users\leonardo_r_oliveira1\.m2\repository\com\fasterxml\jackson\core\jackson-databind\2.15.4\jackson-databind-2.15.4.jar;C:\Users\leonardo_r_oliveira1\.m2\repository\com\fasterxml\jackson\core\jackson-annotations\2.15.4\jackson-annotations-2.15.4.jar;C:\Users\leonardo_r_oliveira1\.m2\repository\com\fasterxml\jackson\core\jackson-core\2.15.4\jackson-core-2.15.4.jar;C:\Users\leonardo_r_oliveira1\.m2\repository\com\fasterxml\jackson\datatype\jackson-datatype-jdk8\2.15.4\jackson-datatype-jdk8-2.15.4.jar;C:\Users\leonardo_r_oliveira1\.m2\repository\com\fasterxml\jackson\datatype\jackson-datatype-jsr310\2.15.4\jackson-datatype-jsr310-2.15.4.jar;C:\Users\leonardo_r_oliveira1\.m2\repository\com\fasterxml\jackson\module\jackson-module-parameter-names\2.15.4\jackson-module-parameter-names-2.15.4.jar;C:\Users\leonardo_r_oliveira1\.m2\repository\org\springframework\boot\spring-boot-starter-tomcat\3.1.10\spring-boot-starter-tomcat-3.1.10.jar;C:\Users\leonardo_r_oliveira1\.m2\repository\org\apache\tomcat\embed\tomcat-embed-core\10.1.19\tomcat-embed-core-10.1.19.jar;C:\Users\leonardo_r_oliveira1\.m2\repository\org\apache\tomcat\embed\tomcat-embed-websocket\10.1.19\tomcat-embed-websocket-10.1.19.jar;C:\Users\leonardo_r_oliveira1\.m2\repository\org\springframework\spring-web\6.0.18\spring-web-6.0.18.jar;C:\Users\leonardo_r_oliveira1\.m2\repository\io\micrometer\micrometer-observation\1.11.10\micrometer-observation-1.11.10.jar;C:\Users\leonardo_r_oliveira1\.m2\repository\io\micrometer\micrometer-commons\1.11.10\micrometer-commons-1.11.10.jar;C:\Users\leonardo_r_oliveira1\.m2\repository\org\springframework\spring-webmvc\6.0.18\spring-webmvc-6.0.18.jar;C:\Users\leonardo_r_oliveira1\.m2\repository\org\springframework\spring-expression\6.0.18\spring-expression-6.0.18.jar;C:\Users\leonardo_r_oliveira1\.m2\repository\org\mariadb\jdbc\mariadb-java-client\3.1.4\mariadb-java-client-3.1.4.jar;C:\Users\leonardo_r_oliveira1\.m2\repository\com\github\waffle\waffle-jna\3.2.0\waffle-jna-3.2.0.jar;C:\Users\leonardo_r_oliveira1\.m2\repository\net\java\dev\jna\jna\5.12.1\jna-5.12.1.jar;C:\Users\leonardo_r_oliveira1\.m2\repository\net\java\dev\jna\jna-platform\5.12.1\jna-platform-5.12.1.jar;C:\Users\leonardo_r_oliveira1\.m2\repository\org\slf4j\jcl-over-slf4j\2.0.12\jcl-over-slf4j-2.0.12.jar;C:\Users\leonardo_r_oliveira1\.m2\repository\com\github\ben-manes\caffeine\caffeine\3.1.8\caffeine-3.1.8.jar;C:\Users\leonardo_r_oliveira1\.m2\repository\com\google\errorprone\error_prone_annotations\2.21.1\error_prone_annotations-2.21.1.jar;C:\Users\leonardo_r_oliveira1\.m2\repository\org\checkerframework\checker-qual\3.23.0\checker-qual-3.23.0.jar;C:\Users\leonardo_r_oliveira1\.m2\repository\org\springframework\boot\spring-boot-starter-test\3.1.10\spring-boot-starter-test-3.1.10.jar;C:\Users\leonardo_r_oliveira1\.m2\repository\org\springframework\boot\spring-boot-test\3.1.10\spring-boot-test-3.1.10.jar;C:\Users\leonardo_r_oliveira1\.m2\repository\org\springframework\boot\spring-boot-test-autoconfigure\3.1.10\spring-boot-test-autoconfigure-3.1.10.jar;C:\Users\leonardo_r_oliveira1\.m2\repository\com\jayway\jsonpath\json-path\2.9.0\json-path-2.9.0.jar;C:\Users\leonardo_r_oliveira1\.m2\repository\jakarta\xml\bind\jakarta.xml.bind-api\4.0.2\jakarta.xml.bind-api-4.0.2.jar;C:\Users\leonardo_r_oliveira1\.m2\repository\jakarta\activation\jakarta.activation-api\2.1.3\jakarta.activation-api-2.1.3.jar;C:\Users\leonardo_r_oliveira1\.m2\repository\net\minidev\json-smart\2.4.11\json-smart-2.4.11.jar;C:\Users\leonardo_r_oliveira1\.m2\repository\net\minidev\accessors-smart\2.4.11\accessors-smart-2.4.11.jar;C:\Users\leonardo_r_oliveira1\.m2\repository\org\ow2\asm\asm\9.3\asm-9.3.jar;C:\Users\leonardo_r_oliveira1\.m2\repository\org\assertj\assertj-core\3.24.2\assertj-core-3.24.2.jar;C:\Users\leonardo_r_oliveira1\.m2\repository\org\hamcrest\hamcrest\2.2\hamcrest-2.2.jar;C:\Users\leonardo_r_oliveira1\.m2\repository\org\junit\jupiter\junit-jupiter\5.9.3\junit-jupiter-5.9.3.jar;C:\Users\leonardo_r_oliveira1\.m2\repository\org\junit\jupiter\junit-jupiter-api\5.9.3\junit-jupiter-api-5.9.3.jar;C:\Users\leonardo_r_oliveira1\.m2\repository\org\opentest4j\opentest4j\1.2.0\opentest4j-1.2.0.jar;C:\Users\leonardo_r_oliveira1\.m2\repository\org\junit\platform\junit-platform-commons\1.9.3\junit-platform-commons-1.9.3.jar;C:\Users\leonardo_r_oliveira1\.m2\repository\org\apiguardian\apiguardian-api\1.1.2\apiguardian-api-1.1.2.jar;C:\Users\leonardo_r_oliveira1\.m2\repository\org\junit\jupiter\junit-jupiter-params\5.9.3\junit-jupiter-params-5.9.3.jar;C:\Users\leonardo_r_oliveira1\.m2\repository\org\junit\jupiter\junit-jupiter-engine\5.9.3\junit-jupiter-engine-5.9.3.jar;C:\Users\leonardo_r_oliveira1\.m2\repository\org\junit\platform\junit-platform-engine\1.9.3\junit-platform-engine-1.9.3.jar;C:\Users\leonardo_r_oliveira1\.m2\repository\org\mockito\mockito-core\5.3.1\mockito-core-5.3.1.jar;C:\Users\leonardo_r_oliveira1\.m2\repository\net\bytebuddy\byte-buddy-agent\1.14.12\byte-buddy-agent-1.14.12.jar;C:\Users\leonardo_r_oliveira1\.m2\repository\org\objenesis\objenesis\3.3\objenesis-3.3.jar;C:\Users\leonardo_r_oliveira1\.m2\repository\org\mockito\mockito-junit-jupiter\5.3.1\mockito-junit-jupiter-5.3.1.jar;C:\Users\leonardo_r_oliveira1\.m2\repository\org\skyscreamer\jsonassert\1.5.1\jsonassert-1.5.1.jar;C:\Users\leonardo_r_oliveira1\.m2\repository\com\vaadin\external\google\android-json\0.0.20131108.vaadin1\android-json-0.0.20131108.vaadin1.jar;C:\Users\leonardo_r_oliveira1\.m2\repository\org\springframework\spring-core\6.0.18\spring-core-6.0.18.jar;C:\Users\leonardo_r_oliveira1\.m2\repository\org\springframework\spring-jcl\6.0.18\spring-jcl-6.0.18.jar;C:\Users\leonardo_r_oliveira1\.m2\repository\org\springframework\spring-test\6.0.18\spring-test-6.0.18.jar;C:\Users\leonardo_r_oliveira1\.m2\repository\org\xmlunit\xmlunit-core\2.9.1\xmlunit-core-2.9.1.jar;C:\Users\leonardo_r_oliveira1\.m2\repository\org\projectlombok\lombok\1.18.30\lombok-1.18.30.jar;"/>
    <property name="java.vm.vendor" value="Oracle Corporation"/>
    <property name="sun.arch.data.model" value="64"/>
    <property name="user.variant" value=""/>
    <property name="java.vendor.url" value="https://java.oracle.com/"/>
    <property name="user.timezone" value="America/Sao_Paulo"/>
    <property name="org.jboss.logging.provider" value="slf4j"/>
    <property name="os.name" value="Windows 10"/>
    <property name="java.vm.specification.version" value="20"/>
    <property name="user.country" value="BR"/>
    <property name="sun.java.launcher" value="SUN_STANDARD"/>
    <property name="sun.boot.library.path" value="C:\Program Files\Java\jdk-20\bin"/>
    <property name="sun.java.command" value="C:\Users\leonardo_r_oliveira1\AppData\Local\Temp\surefire12497603805279713990\surefirebooter-20241024192204620_3.jar C:\Users\leonardo_r_oliveira1\AppData\Local\Temp\surefire12497603805279713990 2024-10-24T19-22-04_163-jvmRun1 surefire-20241024192204620_1tmp surefire_0-20241024192204620_2tmp"/>
    <property name="jdk.debug" value="release"/>
    <property name="surefire.test.class.path" value="C:\Users\leonardo_r_oliveira1\Downloads\Desenvolvimento-de-Sistemas-main\ThymeLeaf\target\test-classes;C:\Users\leonardo_r_oliveira1\Downloads\Desenvolvimento-de-Sistemas-main\ThymeLeaf\target\classes;C:\Users\leonardo_r_oliveira1\.m2\repository\org\springframework\boot\spring-boot-starter-data-jpa\3.1.10\spring-boot-starter-data-jpa-3.1.10.jar;C:\Users\leonardo_r_oliveira1\.m2\repository\org\springframework\boot\spring-boot-starter-aop\3.1.10\spring-boot-starter-aop-3.1.10.jar;C:\Users\leonardo_r_oliveira1\.m2\repository\org\springframework\spring-aop\6.0.18\spring-aop-6.0.18.jar;C:\Users\leonardo_r_oliveira1\.m2\repository\org\aspectj\aspectjweaver\1.9.21\aspectjweaver-1.9.21.jar;C:\Users\leonardo_r_oliveira1\.m2\repository\org\springframework\boot\spring-boot-starter-jdbc\3.1.10\spring-boot-starter-jdbc-3.1.10.jar;C:\Users\leonardo_r_oliveira1\.m2\repository\com\zaxxer\HikariCP\5.0.1\HikariCP-5.0.1.jar;C:\Users\leonardo_r_oliveira1\.m2\repository\org\springframework\spring-jdbc\6.0.18\spring-jdbc-6.0.18.jar;C:\Users\leonardo_r_oliveira1\.m2\repository\org\hibernate\orm\hibernate-core\6.2.22.Final\hibernate-core-6.2.22.Final.jar;C:\Users\leonardo_r_oliveira1\.m2\repository\jakarta\persistence\jakarta.persistence-api\3.1.0\jakarta.persistence-api-3.1.0.jar;C:\Users\leonardo_r_oliveira1\.m2\repository\jakarta\transaction\jakarta.transaction-api\2.0.1\jakarta.transaction-api-2.0.1.jar;C:\Users\leonardo_r_oliveira1\.m2\repository\org\jboss\logging\jboss-logging\3.5.3.Final\jboss-logging-3.5.3.Final.jar;C:\Users\leonardo_r_oliveira1\.m2\repository\org\hibernate\common\hibernate-commons-annotations\6.0.6.Final\hibernate-commons-annotations-6.0.6.Final.jar;C:\Users\leonardo_r_oliveira1\.m2\repository\io\smallrye\jandex\3.0.5\jandex-3.0.5.jar;C:\Users\leonardo_r_oliveira1\.m2\repository\com\fasterxml\classmate\1.5.1\classmate-1.5.1.jar;C:\Users\leonardo_r_oliveira1\.m2\repository\net\bytebuddy\byte-buddy\1.14.12\byte-buddy-1.14.12.jar;C:\Users\leonardo_r_oliveira1\.m2\repository\org\glassfish\jaxb\jaxb-runtime\4.0.5\jaxb-runtime-4.0.5.jar;C:\Users\leonardo_r_oliveira1\.m2\repository\org\glassfish\jaxb\jaxb-core\4.0.5\jaxb-core-4.0.5.jar;C:\Users\leonardo_r_oliveira1\.m2\repository\org\eclipse\angus\angus-activation\2.0.2\angus-activation-2.0.2.jar;C:\Users\leonardo_r_oliveira1\.m2\repository\org\glassfish\jaxb\txw2\4.0.5\txw2-4.0.5.jar;C:\Users\leonardo_r_oliveira1\.m2\repository\com\sun\istack\istack-commons-runtime\4.1.2\istack-commons-runtime-4.1.2.jar;C:\Users\leonardo_r_oliveira1\.m2\repository\jakarta\inject\jakarta.inject-api\2.0.1\jakarta.inject-api-2.0.1.jar;C:\Users\leonardo_r_oliveira1\.m2\repository\org\antlr\antlr4-runtime\4.10.1\antlr4-runtime-4.10.1.jar;C:\Users\leonardo_r_oliveira1\.m2\repository\org\springframework\data\spring-data-jpa\3.1.10\spring-data-jpa-3.1.10.jar;C:\Users\leonardo_r_oliveira1\.m2\repository\org\springframework\data\spring-data-commons\3.1.10\spring-data-commons-3.1.10.jar;C:\Users\leonardo_r_oliveira1\.m2\repository\org\springframework\spring-orm\6.0.18\spring-orm-6.0.18.jar;C:\Users\leonardo_r_oliveira1\.m2\repository\org\springframework\spring-context\6.0.18\spring-context-6.0.18.jar;C:\Users\leonardo_r_oliveira1\.m2\repository\org\springframework\spring-tx\6.0.18\spring-tx-6.0.18.jar;C:\Users\leonardo_r_oliveira1\.m2\repository\org\springframework\spring-beans\6.0.18\spring-beans-6.0.18.jar;C:\Users\leonardo_r_oliveira1\.m2\repository\jakarta\annotation\jakarta.annotation-api\2.1.1\jakarta.annotation-api-2.1.1.jar;C:\Users\leonardo_r_oliveira1\.m2\repository\org\slf4j\slf4j-api\2.0.12\slf4j-api-2.0.12.jar;C:\Users\leonardo_r_oliveira1\.m2\repository\org\springframework\spring-aspects\6.0.18\spring-aspects-6.0.18.jar;C:\Users\leonardo_r_oliveira1\.m2\repository\org\springframework\boot\spring-boot-starter-thymeleaf\3.1.10\spring-boot-starter-thymeleaf-3.1.10.jar;C:\Users\leonardo_r_oliveira1\.m2\repository\org\springframework\boot\spring-boot-starter\3.1.10\spring-boot-starter-3.1.10.jar;C:\Users\leonardo_r_oliveira1\.m2\repository\org\springframework\boot\spring-boot\3.1.10\spring-boot-3.1.10.jar;C:\Users\leonardo_r_oliveira1\.m2\repository\org\springframework\boot\spring-boot-autoconfigure\3.1.10\spring-boot-autoconfigure-3.1.10.jar;C:\Users\leonardo_r_oliveira1\.m2\repository\org\springframework\boot\spring-boot-starter-logging\3.1.10\spring-boot-starter-logging-3.1.10.jar;C:\Users\leonardo_r_oliveira1\.m2\repository\ch\qos\logback\logback-classic\1.4.14\logback-classic-1.4.14.jar;C:\Users\leonardo_r_oliveira1\.m2\repository\ch\qos\logback\logback-core\1.4.14\logback-core-1.4.14.jar;C:\Users\leonardo_r_oliveira1\.m2\repository\org\apache\logging\log4j\log4j-to-slf4j\2.20.0\log4j-to-slf4j-2.20.0.jar;C:\Users\leonardo_r_oliveira1\.m2\repository\org\apache\logging\log4j\log4j-api\2.20.0\log4j-api-2.20.0.jar;C:\Users\leonardo_r_oliveira1\.m2\repository\org\slf4j\jul-to-slf4j\2.0.12\jul-to-slf4j-2.0.12.jar;C:\Users\leonardo_r_oliveira1\.m2\repository\org\yaml\snakeyaml\1.33\snakeyaml-1.33.jar;C:\Users\leonardo_r_oliveira1\.m2\repository\org\thymeleaf\thymeleaf-spring6\3.1.2.RELEASE\thymeleaf-spring6-3.1.2.RELEASE.jar;C:\Users\leonardo_r_oliveira1\.m2\repository\org\thymeleaf\thymeleaf\3.1.2.RELEASE\thymeleaf-3.1.2.RELEASE.jar;C:\Users\leonardo_r_oliveira1\.m2\repository\org\attoparser\attoparser\2.0.7.RELEASE\attoparser-2.0.7.RELEASE.jar;C:\Users\leonardo_r_oliveira1\.m2\repository\org\unbescape\unbescape\1.1.6.RELEASE\unbescape-1.1.6.RELEASE.jar;C:\Users\leonardo_r_oliveira1\.m2\repository\org\springframework\boot\spring-boot-starter-validation\3.1.10\spring-boot-starter-validation-3.1.10.jar;C:\Users\leonardo_r_oliveira1\.m2\repository\org\apache\tomcat\embed\tomcat-embed-el\10.1.19\tomcat-embed-el-10.1.19.jar;C:\Users\leonardo_r_oliveira1\.m2\repository\org\hibernate\validator\hibernate-validator\8.0.1.Final\hibernate-validator-8.0.1.Final.jar;C:\Users\leonardo_r_oliveira1\.m2\repository\jakarta\validation\jakarta.validation-api\3.0.2\jakarta.validation-api-3.0.2.jar;C:\Users\leonardo_r_oliveira1\.m2\repository\org\springframework\boot\spring-boot-starter-web\3.1.10\spring-boot-starter-web-3.1.10.jar;C:\Users\leonardo_r_oliveira1\.m2\repository\org\springframework\boot\spring-boot-starter-json\3.1.10\spring-boot-starter-json-3.1.10.jar;C:\Users\leonardo_r_oliveira1\.m2\repository\com\fasterxml\jackson\core\jackson-databind\2.15.4\jackson-databind-2.15.4.jar;C:\Users\leonardo_r_oliveira1\.m2\repository\com\fasterxml\jackson\core\jackson-annotations\2.15.4\jackson-annotations-2.15.4.jar;C:\Users\leonardo_r_oliveira1\.m2\repository\com\fasterxml\jackson\core\jackson-core\2.15.4\jackson-core-2.15.4.jar;C:\Users\leonardo_r_oliveira1\.m2\repository\com\fasterxml\jackson\datatype\jackson-datatype-jdk8\2.15.4\jackson-datatype-jdk8-2.15.4.jar;C:\Users\leonardo_r_oliveira1\.m2\repository\com\fasterxml\jackson\datatype\jackson-datatype-jsr310\2.15.4\jackson-datatype-jsr310-2.15.4.jar;C:\Users\leonardo_r_oliveira1\.m2\repository\com\fasterxml\jackson\module\jackson-module-parameter-names\2.15.4\jackson-module-parameter-names-2.15.4.jar;C:\Users\leonardo_r_oliveira1\.m2\repository\org\springframework\boot\spring-boot-starter-tomcat\3.1.10\spring-boot-starter-tomcat-3.1.10.jar;C:\Users\leonardo_r_oliveira1\.m2\repository\org\apache\tomcat\embed\tomcat-embed-core\10.1.19\tomcat-embed-core-10.1.19.jar;C:\Users\leonardo_r_oliveira1\.m2\repository\org\apache\tomcat\embed\tomcat-embed-websocket\10.1.19\tomcat-embed-websocket-10.1.19.jar;C:\Users\leonardo_r_oliveira1\.m2\repository\org\springframework\spring-web\6.0.18\spring-web-6.0.18.jar;C:\Users\leonardo_r_oliveira1\.m2\repository\io\micrometer\micrometer-observation\1.11.10\micrometer-observation-1.11.10.jar;C:\Users\leonardo_r_oliveira1\.m2\repository\io\micrometer\micrometer-commons\1.11.10\micrometer-commons-1.11.10.jar;C:\Users\leonardo_r_oliveira1\.m2\repository\org\springframework\spring-webmvc\6.0.18\spring-webmvc-6.0.18.jar;C:\Users\leonardo_r_oliveira1\.m2\repository\org\springframework\spring-expression\6.0.18\spring-expression-6.0.18.jar;C:\Users\leonardo_r_oliveira1\.m2\repository\org\mariadb\jdbc\mariadb-java-client\3.1.4\mariadb-java-client-3.1.4.jar;C:\Users\leonardo_r_oliveira1\.m2\repository\com\github\waffle\waffle-jna\3.2.0\waffle-jna-3.2.0.jar;C:\Users\leonardo_r_oliveira1\.m2\repository\net\java\dev\jna\jna\5.12.1\jna-5.12.1.jar;C:\Users\leonardo_r_oliveira1\.m2\repository\net\java\dev\jna\jna-platform\5.12.1\jna-platform-5.12.1.jar;C:\Users\leonardo_r_oliveira1\.m2\repository\org\slf4j\jcl-over-slf4j\2.0.12\jcl-over-slf4j-2.0.12.jar;C:\Users\leonardo_r_oliveira1\.m2\repository\com\github\ben-manes\caffeine\caffeine\3.1.8\caffeine-3.1.8.jar;C:\Users\leonardo_r_oliveira1\.m2\repository\com\google\errorprone\error_prone_annotations\2.21.1\error_prone_annotations-2.21.1.jar;C:\Users\leonardo_r_oliveira1\.m2\repository\org\checkerframework\checker-qual\3.23.0\checker-qual-3.23.0.jar;C:\Users\leonardo_r_oliveira1\.m2\repository\org\springframework\boot\spring-boot-starter-test\3.1.10\spring-boot-starter-test-3.1.10.jar;C:\Users\leonardo_r_oliveira1\.m2\repository\org\springframework\boot\spring-boot-test\3.1.10\spring-boot-test-3.1.10.jar;C:\Users\leonardo_r_oliveira1\.m2\repository\org\springframework\boot\spring-boot-test-autoconfigure\3.1.10\spring-boot-test-autoconfigure-3.1.10.jar;C:\Users\leonardo_r_oliveira1\.m2\repository\com\jayway\jsonpath\json-path\2.9.0\json-path-2.9.0.jar;C:\Users\leonardo_r_oliveira1\.m2\repository\jakarta\xml\bind\jakarta.xml.bind-api\4.0.2\jakarta.xml.bind-api-4.0.2.jar;C:\Users\leonardo_r_oliveira1\.m2\repository\jakarta\activation\jakarta.activation-api\2.1.3\jakarta.activation-api-2.1.3.jar;C:\Users\leonardo_r_oliveira1\.m2\repository\net\minidev\json-smart\2.4.11\json-smart-2.4.11.jar;C:\Users\leonardo_r_oliveira1\.m2\repository\net\minidev\accessors-smart\2.4.11\accessors-smart-2.4.11.jar;C:\Users\leonardo_r_oliveira1\.m2\repository\org\ow2\asm\asm\9.3\asm-9.3.jar;C:\Users\leonardo_r_oliveira1\.m2\repository\org\assertj\assertj-core\3.24.2\assertj-core-3.24.2.jar;C:\Users\leonardo_r_oliveira1\.m2\repository\org\hamcrest\hamcrest\2.2\hamcrest-2.2.jar;C:\Users\leonardo_r_oliveira1\.m2\repository\org\junit\jupiter\junit-jupiter\5.9.3\junit-jupiter-5.9.3.jar;C:\Users\leonardo_r_oliveira1\.m2\repository\org\junit\jupiter\junit-jupiter-api\5.9.3\junit-jupiter-api-5.9.3.jar;C:\Users\leonardo_r_oliveira1\.m2\repository\org\opentest4j\opentest4j\1.2.0\opentest4j-1.2.0.jar;C:\Users\leonardo_r_oliveira1\.m2\repository\org\junit\platform\junit-platform-commons\1.9.3\junit-platform-commons-1.9.3.jar;C:\Users\leonardo_r_oliveira1\.m2\repository\org\apiguardian\apiguardian-api\1.1.2\apiguardian-api-1.1.2.jar;C:\Users\leonardo_r_oliveira1\.m2\repository\org\junit\jupiter\junit-jupiter-params\5.9.3\junit-jupiter-params-5.9.3.jar;C:\Users\leonardo_r_oliveira1\.m2\repository\org\junit\jupiter\junit-jupiter-engine\5.9.3\junit-jupiter-engine-5.9.3.jar;C:\Users\leonardo_r_oliveira1\.m2\repository\org\junit\platform\junit-platform-engine\1.9.3\junit-platform-engine-1.9.3.jar;C:\Users\leonardo_r_oliveira1\.m2\repository\org\mockito\mockito-core\5.3.1\mockito-core-5.3.1.jar;C:\Users\leonardo_r_oliveira1\.m2\repository\net\bytebuddy\byte-buddy-agent\1.14.12\byte-buddy-agent-1.14.12.jar;C:\Users\leonardo_r_oliveira1\.m2\repository\org\objenesis\objenesis\3.3\objenesis-3.3.jar;C:\Users\leonardo_r_oliveira1\.m2\repository\org\mockito\mockito-junit-jupiter\5.3.1\mockito-junit-jupiter-5.3.1.jar;C:\Users\leonardo_r_oliveira1\.m2\repository\org\skyscreamer\jsonassert\1.5.1\jsonassert-1.5.1.jar;C:\Users\leonardo_r_oliveira1\.m2\repository\com\vaadin\external\google\android-json\0.0.20131108.vaadin1\android-json-0.0.20131108.vaadin1.jar;C:\Users\leonardo_r_oliveira1\.m2\repository\org\springframework\spring-core\6.0.18\spring-core-6.0.18.jar;C:\Users\leonardo_r_oliveira1\.m2\repository\org\springframework\spring-jcl\6.0.18\spring-jcl-6.0.18.jar;C:\Users\leonardo_r_oliveira1\.m2\repository\org\springframework\spring-test\6.0.18\spring-test-6.0.18.jar;C:\Users\leonardo_r_oliveira1\.m2\repository\org\xmlunit\xmlunit-core\2.9.1\xmlunit-core-2.9.1.jar;C:\Users\leonardo_r_oliveira1\.m2\repository\org\projectlombok\lombok\1.18.30\lombok-1.18.30.jar;"/>
    <property name="sun.cpu.endian" value="little"/>
    <property name="user.home" value="C:\Users\leonardo_r_oliveira1"/>
    <property name="user.language" value="pt"/>
    <property name="java.specification.vendor" value="Oracle Corporation"/>
    <property name="java.version.date" value="2023-03-21"/>
    <property name="java.home" value="C:\Program Files\Java\jdk-20"/>
    <property name="file.separator" value="\"/>
    <property name="basedir" value="C:\Users\leonardo_r_oliveira1\Downloads\Desenvolvimento-de-Sistemas-main\ThymeLeaf"/>
    <property name="java.vm.compressedOopsMode" value="Zero based"/>
    <property name="line.separator" value="&#10;"/>
    <property name="java.vm.specification.vendor" value="Oracle Corporation"/>
    <property name="java.specification.name" value="Java Platform API Specification"/>
    <property name="FILE_LOG_CHARSET" value="UTF-8"/>
    <property name="java.awt.headless" value="true"/>
    <property name="surefire.real.class.path" value="C:\Users\leonardo_r_oliveira1\AppData\Local\Temp\surefire12497603805279713990\surefirebooter-20241024192204620_3.jar"/>
    <property name="user.script" value=""/>
    <property name="sun.management.compiler" value="HotSpot 64-Bit Tiered Compilers"/>
    <property name="java.runtime.version" value="20+36-2344"/>
    <property name="user.name" value="leonardo_r_oliveira1"/>
    <property name="stdout.encoding" value="Cp1252"/>
    <property name="path.separator" value=";"/>
    <property name="os.version" value="10.0"/>
    <property name="java.runtime.name" value="Java(TM) SE Runtime Environment"/>
    <property name="file.encoding" value="UTF-8"/>
    <property name="java.vm.name" value="Java HotSpot(TM) 64-Bit Server VM"/>
    <property name="maven.ext.class.path" value="C:\Program Files\NetBeans-19\netbeans\java\maven-nblib\netbeans-eventspy.jar"/>
    <property name="localRepository" value="C:\Users\leonardo_r_oliveira1\.m2\repository"/>
    <property name="java.vendor.url.bug" value="https://bugreport.java.com/bugreport/"/>
    <property name="java.io.tmpdir" value="C:\Users\LEONAR~1\AppData\Local\Temp\"/>
    <property name="com.zaxxer.hikari.pool_number" value="1"/>
    <property name="java.version" value="20"/>
    <property name="user.dir" value="C:\Users\leonardo_r_oliveira1\Downloads\Desenvolvimento-de-Sistemas-main\ThymeLeaf"/>
    <property name="os.arch" value="amd64"/>
    <property name="java.vm.specification.name" value="Java Virtual Machine Specification"/>
    <property name="PID" value="3548"/>
    <property name="sun.os.patch.level" value=""/>
    <property name="CONSOLE_LOG_CHARSET" value="UTF-8"/>
    <property name="native.encoding" value="Cp1252"/>
    <property name="java.library.path" value="C:\Program Files\Java\jdk-20\bin;C:\Windows\Sun\Java\bin;C:\Windows\system32;C:\Windows;C:\Program Files\Python311\Scripts\;C:\Program Files\Python311\;C:\app\Senai\product\21c\dbhomeXE\bin;C:\Program Files (x86)\NVIDIA Corporation\PhysX\Common;C:\Program Files\Eclipse Adoptium\jdk-17.0.5.8-hotspot\bin;C:\Program Files\Common Files\Oracle\Java\javapath;C:\Program Files (x86)\Common Files\Oracle\Java\javapath;C:\Windows\system32;C:\Windows;C:\Windows\System32\Wbem;C:\Windows\System32\WindowsPowerShell\v1.0\;C:\Windows\System32\OpenSSH\;C:\Program Files (x86)\IronRuby 1.1\bin;C:\Program Files\Microsoft SQL Server\120\Tools\Binn\;C:\Program Files\Microsoft SQL Server\Client SDK\ODBC\110\Tools\Binn\;C:\Program Files\Git\cmd;C:\ProgramData\UNIVALI\Portugol Studio;C:\Program Files (x86)\Microsoft SQL Server\120\Tools\Binn\;C:\Program Files\Microsoft SQL Server\120\DTS\Binn\;C:\Program Files (x86)\Windows Kits\8.1\Windows Performance Toolkit\;C:\Program Files\dotnet\;C:\Program Files\Common Files\Autodesk Shared\;C:\Program Files\nodejs\;C:\ProgramData\chocolatey\bin;C:\PHP-8.2.11;C:\Program Files\CodeBlocks\MinGW\bin;C:\Users\Default\AppData\Roaming\npm;C:\Users\Default\AppData\Roaming\node_modules\@angular\cli\bin;C:\Program Files\Microsoft SQL Server\150\Tools\Binn\;C:\Users\leonardo_r_oliveira1\AppData\Local\Microsoft\WindowsApps;;."/>
    <property name="java.vm.info" value="mixed mode, sharing"/>
    <property name="stderr.encoding" value="Cp1252"/>
    <property name="java.vendor" value="Oracle Corporation"/>
    <property name="java.vm.version" value="20+36-2344"/>
    <property name="sun.io.unicode.encoding" value="UnicodeLittle"/>
    <property name="java.class.version" value="64.0"/>
  </properties>
  <testcase name="contextLoads" classname="com.senai.ThymeLeaf.ThymeLeafApplicationTests" time="0.411">
    <system-out><![CDATA[19:22:05.256 [main] INFO org.springframework.test.context.support.AnnotationConfigContextLoaderUtils -- Could not detect default configuration classes for test class [com.senai.ThymeLeaf.ThymeLeafApplicationTests]: ThymeLeafApplicationTests does not declare any static, non-private, non-final, nested classes annotated with @Configuration.
19:22:05.338 [main] INFO org.springframework.boot.test.context.SpringBootTestContextBootstrapper -- Found @SpringBootConfiguration com.senai.ThymeLeaf.ThymeLeafApplication for test class com.senai.ThymeLeaf.ThymeLeafApplicationTests

  .   ____          _            __ _ _
 /\\ / ___'_ __ _ _(_)_ __  __ _ \ \ \ \
( ( )\___ | '_ | '_| | '_ \/ _` | \ \ \ \
 \\/  ___)| |_)| | | | | || (_| |  ) ) ) )
  '  |____| .__|_| |_|_| |_\__, | / / / /
 =========|_|==============|___/=/_/_/_/
 :: Spring Boot ::               (v3.1.10)

2024-10-24T19:22:05.677-03:00  INFO 3548 --- [           main] c.s.ThymeLeaf.ThymeLeafApplicationTests  : Starting ThymeLeafApplicationTests using Java 20 with PID 3548 (started by leonardo_r_oliveira1 in C:\Users\leonardo_r_oliveira1\Downloads\Desenvolvimento-de-Sistemas-main\ThymeLeaf)
2024-10-24T19:22:05.678-03:00  INFO 3548 --- [           main] c.s.ThymeLeaf.ThymeLeafApplicationTests  : No active profile set, falling back to 1 default profile: "default"
2024-10-24T19:22:06.226-03:00  INFO 3548 --- [           main] .s.d.r.c.RepositoryConfigurationDelegate : Bootstrapping Spring Data JPA repositories in DEFAULT mode.
2024-10-24T19:22:06.283-03:00  INFO 3548 --- [           main] .s.d.r.c.RepositoryConfigurationDelegate : Finished Spring Data repository scanning in 47 ms. Found 1 JPA repository interface.
2024-10-24T19:22:06.628-03:00  INFO 3548 --- [           main] o.hibernate.jpa.internal.util.LogHelper  : HHH000204: Processing PersistenceUnitInfo [name: default]
2024-10-24T19:22:06.688-03:00  INFO 3548 --- [           main] org.hibernate.Version                    : HHH000412: Hibernate ORM core version 6.2.22.Final
2024-10-24T19:22:06.690-03:00  INFO 3548 --- [           main] org.hibernate.cfg.Environment            : HHH000406: Using bytecode reflection optimizer
2024-10-24T19:22:06.979-03:00  INFO 3548 --- [           main] o.s.o.j.p.SpringPersistenceUnitInfo      : No LoadTimeWeaver setup: ignoring JPA class transformer
2024-10-24T19:22:07.004-03:00  INFO 3548 --- [           main] com.zaxxer.hikari.HikariDataSource       : HikariPool-1 - Starting...
2024-10-24T19:22:07.112-03:00  INFO 3548 --- [           main] com.zaxxer.hikari.pool.HikariPool        : HikariPool-1 - Added connection org.mariadb.jdbc.Connection@582a3b19
2024-10-24T19:22:07.114-03:00  INFO 3548 --- [           main] com.zaxxer.hikari.HikariDataSource       : HikariPool-1 - Start completed.
2024-10-24T19:22:07.859-03:00  INFO 3548 --- [           main] o.h.e.t.j.p.i.JtaPlatformInitiator       : HHH000489: No JTA platform available (set 'hibernate.transaction.jta.platform' to enable JTA platform integration)
2024-10-24T19:22:07.909-03:00  INFO 3548 --- [           main] j.LocalContainerEntityManagerFactoryBean : Initialized JPA EntityManagerFactory for persistence unit 'default'
2024-10-24T19:22:08.273-03:00  WARN 3548 --- [           main] JpaBaseConfiguration$JpaWebConfiguration : spring.jpa.open-in-view is enabled by default. Therefore, database queries may be performed during view rendering. Explicitly configure spring.jpa.open-in-view to disable this warning
2024-10-24T19:22:08.569-03:00  INFO 3548 --- [           main] c.s.ThymeLeaf.ThymeLeafApplicationTests  : Started ThymeLeafApplicationTests in 3.104 seconds (process running for 3.877)
]]></system-out>
  </testcase>
</testsuite>